Using pre-set license
Built from '2023.2/staging' branch; Version is '2023.2.20f1 (0e25a174756c) revision 927137'; Using compiler version '193431935'; Build Type 'Release'
OS: 'Windows 11  (10.0.22631) 64bit Core' Language: 'en' Physical Memory: 16085 MB
BatchMode: 1, IsHumanControllingUs: 0, StartBugReporterOnCrash: 0, Is64bit: 1, IsPro: 1

COMMAND LINE ARGUMENTS:
D:\2023.2.20f1\Editor\Unity.exe
-adb2
-batchMode
-noUpm
-name
AssetImportWorker2
-projectPath
D:/Year 3/Chemist_Simulator/Chemist Simulator/Chemist Simulator
-logFile
Logs/AssetImportWorker2.log
-srvPort
53556
-job-worker-count
7
-background-job-worker-count
8
-asset-garbage-collectors
1
Successfully changed project path to: D:/Year 3/Chemist_Simulator/Chemist Simulator/Chemist Simulator
D:/Year 3/Chemist_Simulator/Chemist Simulator/Chemist Simulator
[UnityMemory] Configuration Parameters - Can be set up in boot.config
    "memorysetup-bucket-allocator-granularity=16"
    "memorysetup-bucket-allocator-bucket-count=8"
    "memorysetup-bucket-allocator-block-size=33554432"
    "memorysetup-bucket-allocator-block-count=8"
    "memorysetup-main-allocator-block-size=16777216"
    "memorysetup-thread-allocator-block-size=16777216"
    "memorysetup-gfx-main-allocator-block-size=16777216"
    "memorysetup-gfx-thread-allocator-block-size=16777216"
    "memorysetup-cache-allocator-block-size=4194304"
    "memorysetup-typetree-allocator-block-size=2097152"
    "memorysetup-profiler-bucket-allocator-granularity=16"
    "memorysetup-profiler-bucket-allocator-bucket-count=8"
    "memorysetup-profiler-bucket-allocator-block-size=33554432"
    "memorysetup-profiler-bucket-allocator-block-count=8"
    "memorysetup-profiler-allocator-block-size=16777216"
    "memorysetup-profiler-editor-allocator-block-size=1048576"
    "memorysetup-temp-allocator-size-main=16777216"
    "memorysetup-job-temp-allocator-block-size=2097152"
    "memorysetup-job-temp-allocator-block-size-background=1048576"
    "memorysetup-job-temp-allocator-reduction-small-platforms=262144"
    "memorysetup-allocator-temp-initial-block-size-main=262144"
    "memorysetup-allocator-temp-initial-block-size-worker=262144"
    "memorysetup-temp-allocator-size-background-worker=32768"
    "memorysetup-temp-allocator-size-job-worker=262144"
    "memorysetup-temp-allocator-size-preload-manager=33554432"
    "memorysetup-temp-allocator-size-nav-mesh-worker=65536"
    "memorysetup-temp-allocator-size-audio-worker=65536"
    "memorysetup-temp-allocator-size-cloud-worker=32768"
    "memorysetup-temp-allocator-size-gi-baking-worker=262144"
    "memorysetup-temp-allocator-size-gi-baking-worker=262144"
    "memorysetup-temp-allocator-size-gi-baking-worker=262144"
    "memorysetup-temp-allocator-size-gi-baking-worker=262144"
    "memorysetup-temp-allocator-size-gfx=262144"
Player connection [9404] Host "[IP] 192.168.1.141 [Port] 0 [Flags] 2 [Guid] 1074015435 [EditorId] 1074015435 [Version] 1048832 [Id] WindowsEditor(7,MSI) [Debug] 1 [PackageName] WindowsEditor [ProjectName] Editor" joined multi-casting on [225.0.0.222:54997]...
Player connection [9404] Host "[IP] 192.168.1.141 [Port] 0 [Flags] 2 [Guid] 1074015435 [EditorId] 1074015435 [Version] 1048832 [Id] WindowsEditor(7,MSI) [Debug] 1 [PackageName] WindowsEditor [ProjectName] Editor" joined alternative multi-casting on [225.0.0.222:34997]...
JobSystem: Creating JobQueue using job-worker-count value 7
[Physics::Module] Initialized MultithreadedJobDispatcher with 7 workers.
Library Redirect Path: Library/
Refreshing native plugins compatible for Editor in 1.07 ms, found 3 plugins.
Preloading 0 native plugins for Editor in 0.00 ms.
Initialize engine version: 2023.2.20f1 (0e25a174756c)
[Subsystems] Discovering subsystems at path D:/2023.2.20f1/Editor/Data/Resources/UnitySubsystems
[Subsystems] Discovering subsystems at path D:/Year 3/Chemist_Simulator/Chemist Simulator/Chemist Simulator/Assets
GfxDevice: creating device client; kGfxThreadingModeNonThreaded
Direct3D:
    Version:  Direct3D 11.0 [level 11.1]
    Renderer: NVIDIA GeForce RTX 3070 Laptop GPU (ID=0x249d)
    Vendor:   NVIDIA
    VRAM:     8020 MB
    Driver:   32.0.15.6603
Initialize mono
Mono path[0] = 'D:/2023.2.20f1/Editor/Data/Managed'
Mono path[1] = 'D:/2023.2.20f1/Editor/Data/MonoBleedingEdge/lib/mono/unityjit-win32'
Mono config path = 'D:/2023.2.20f1/Editor/Data/MonoBleedingEdge/etc'
Using monoOptions --debugger-agent=transport=dt_socket,embedding=1,server=y,suspend=n,address=127.0.0.1:56248
Begin MonoManager ReloadAssembly
Registering precompiled unity dll's ...
Register platform support module: D:/2023.2.20f1/Editor/Data/PlaybackEngines/WindowsStandaloneSupport/UnityEditor.WindowsStandalone.Extensions.dll
Registered in 0.001274 seconds.
- Loaded All Assemblies, in  0.520 seconds
Native extension for WindowsStandalone target not found
Mono: successfully reloaded assembly
- Finished resetting the current domain, in  0.307 seconds
Domain Reload Profiling: 827ms
	BeginReloadAssembly (205ms)
		ExecutionOrderSort (0ms)
		DisableScriptedObjects (0ms)
		BackupInstance (0ms)
		ReleaseScriptingObjects (0ms)
		CreateAndSetChildDomain (1ms)
	RebuildCommonClasses (40ms)
	RebuildNativeTypeToScriptingClass (19ms)
	initialDomainReloadingComplete (44ms)
	LoadAllAssembliesAndSetupDomain (212ms)
		LoadAssemblies (205ms)
		RebuildTransferFunctionScriptingTraits (0ms)
		AnalyzeDomain (208ms)
			TypeCache.Refresh (207ms)
				TypeCache.ScanAssembly (191ms)
			BuildScriptInfoCaches (0ms)
			ResolveRequiredComponents (0ms)
	FinalizeReload (307ms)
		ReleaseScriptCaches (0ms)
		RebuildScriptCaches (0ms)
		SetupLoadedEditorAssemblies (260ms)
			LogAssemblyErrors (0ms)
			InitializePlatformSupportModulesInManaged (7ms)
			SetLoadedEditorAssemblies (5ms)
			BeforeProcessingInitializeOnLoad (5ms)
			ProcessInitializeOnLoadAttributes (184ms)
			ProcessInitializeOnLoadMethodAttributes (59ms)
			AfterProcessingInitializeOnLoad (0ms)
			EditorAssembliesLoaded (0ms)
		ExecutionOrderSort2 (0ms)
		AwakeInstancesAfterBackupRestoration (0ms)
========================================================================
Worker process is ready to serve import requests
Import Worker Mode flag is 0x00
Begin MonoManager ReloadAssembly
- Loaded All Assemblies, in  0.920 seconds
Refreshing native plugins compatible for Editor in 0.45 ms, found 3 plugins.
Native extension for WindowsStandalone target not found
Refreshing native plugins compatible for Editor in 0.65 ms, found 3 plugins.
Mono: successfully reloaded assembly
- Finished resetting the current domain, in  0.771 seconds
Domain Reload Profiling: 1690ms
	BeginReloadAssembly (430ms)
		ExecutionOrderSort (0ms)
		DisableScriptedObjects (5ms)
		BackupInstance (0ms)
		ReleaseScriptingObjects (0ms)
		CreateAndSetChildDomain (33ms)
	RebuildCommonClasses (33ms)
	RebuildNativeTypeToScriptingClass (12ms)
	initialDomainReloadingComplete (29ms)
	LoadAllAssembliesAndSetupDomain (416ms)
		LoadAssemblies (294ms)
		RebuildTransferFunctionScriptingTraits (0ms)
		AnalyzeDomain (211ms)
			TypeCache.Refresh (178ms)
				TypeCache.ScanAssembly (163ms)
			BuildScriptInfoCaches (25ms)
			ResolveRequiredComponents (5ms)
	FinalizeReload (771ms)
		ReleaseScriptCaches (0ms)
		RebuildScriptCaches (0ms)
		SetupLoadedEditorAssemblies (581ms)
			LogAssemblyErrors (0ms)
			InitializePlatformSupportModulesInManaged (3ms)
			SetLoadedEditorAssemblies (5ms)
			BeforeProcessingInitializeOnLoad (28ms)
			ProcessInitializeOnLoadAttributes (524ms)
			ProcessInitializeOnLoadMethodAttributes (20ms)
			AfterProcessingInitializeOnLoad (1ms)
			EditorAssembliesLoaded (0ms)
		ExecutionOrderSort2 (0ms)
		AwakeInstancesAfterBackupRestoration (9ms)
Launched and connected shader compiler UnityShaderCompiler.exe after 0.02 seconds
Refreshing native plugins compatible for Editor in 0.87 ms, found 3 plugins.
Preloading 0 native plugins for Editor in 0.00 ms.
Unloading 23 Unused Serialized files (Serialized files now loaded: 0)
Unloading 3154 unused Assets / (1.0 MB). Loaded Objects now: 3750.
Memory consumption went from 107.9 MB to 106.9 MB.
Total: 10.231800 ms (FindLiveObjects: 0.464400 ms CreateObjectMapping: 0.477200 ms MarkObjects: 7.804400 ms  DeleteObjects: 1.484500 ms)

========================================================================
Received Import Request.
  Time since last request: 90962.484372 seconds.
  path: Assets/Scripts/Prefabs/Zinc Chloride 1.prefab
  artifactKey: Guid(4bdbb6f6b89c4f0489d119960a35293a) Importer(815301076,1909f56bfc062723c751e8b465ee728b)
Start importing Assets/Scripts/Prefabs/Zinc Chloride 1.prefab using Guid(4bdbb6f6b89c4f0489d119960a35293a) Importer(815301076,1909f56bfc062723c751e8b465ee728b) (PreviewImporter) -> (artifact id: 'df2870507c40e115849a207d1ce9e8db') in 0.130684 seconds
Number of updated asset objects reloaded before import = 0Number of asset objects unloaded after import = 36

========================================================================
Received Import Request.
  Time since last request: 10.668869 seconds.
  path: Assets/Scripts/Prefabs/H2.prefab
  artifactKey: Guid(4bdbb6f6b89c4f0489d119960a35293a) Importer(815301076,1909f56bfc062723c751e8b465ee728b)
Start importing Assets/Scripts/Prefabs/H2.prefab using Guid(4bdbb6f6b89c4f0489d119960a35293a) Importer(815301076,1909f56bfc062723c751e8b465ee728b) (PreviewImporter) -> (artifact id: '1df4dbd3a17319e5ecf0943c79e924c8') in 0.0260945 seconds
Number of updated asset objects reloaded before import = 0Number of asset objects unloaded after import = 36

========================================================================
Received Import Request.
  Time since last request: 8.033814 seconds.
  path: Assets/Scripts/Prefabs/H2.prefab
  artifactKey: Guid(4bdbb6f6b89c4f0489d119960a35293a) Importer(815301076,1909f56bfc062723c751e8b465ee728b)
Start importing Assets/Scripts/Prefabs/H2.prefab using Guid(4bdbb6f6b89c4f0489d119960a35293a) Importer(815301076,1909f56bfc062723c751e8b465ee728b) (PreviewImporter) -> (artifact id: 'ed6c23b0d7e61ac48f61b19fc8022a59') in 0.0215493 seconds
Number of updated asset objects reloaded before import = 0Number of asset objects unloaded after import = 36

========================================================================
Received Prepare
Begin MonoManager ReloadAssembly
- Loaded All Assemblies, in  0.668 seconds
Refreshing native plugins compatible for Editor in 0.48 ms, found 3 plugins.
Native extension for WindowsStandalone target not found
Mono: successfully reloaded assembly
- Finished resetting the current domain, in  0.912 seconds
Domain Reload Profiling: 1582ms
	BeginReloadAssembly (171ms)
		ExecutionOrderSort (0ms)
		DisableScriptedObjects (4ms)
		BackupInstance (0ms)
		ReleaseScriptingObjects (0ms)
		CreateAndSetChildDomain (46ms)
	RebuildCommonClasses (32ms)
	RebuildNativeTypeToScriptingClass (15ms)
	initialDomainReloadingComplete (20ms)
	LoadAllAssembliesAndSetupDomain (431ms)
		LoadAssemblies (324ms)
		RebuildTransferFunctionScriptingTraits (0ms)
		AnalyzeDomain (193ms)
			TypeCache.Refresh (7ms)
				TypeCache.ScanAssembly (0ms)
			BuildScriptInfoCaches (179ms)
			ResolveRequiredComponents (5ms)
	FinalizeReload (913ms)
		ReleaseScriptCaches (0ms)
		RebuildScriptCaches (0ms)
		SetupLoadedEditorAssemblies (670ms)
			LogAssemblyErrors (0ms)
			InitializePlatformSupportModulesInManaged (2ms)
			SetLoadedEditorAssemblies (4ms)
			BeforeProcessingInitializeOnLoad (35ms)
			ProcessInitializeOnLoadAttributes (604ms)
			ProcessInitializeOnLoadMethodAttributes (24ms)
			AfterProcessingInitializeOnLoad (2ms)
			EditorAssembliesLoaded (0ms)
		ExecutionOrderSort2 (0ms)
		AwakeInstancesAfterBackupRestoration (13ms)
Refreshing native plugins compatible for Editor in 0.82 ms, found 3 plugins.
Preloading 0 native plugins for Editor in 0.00 ms.
Unloading 0 Unused Serialized files (Serialized files now loaded: 0)
Unloading 3152 unused Assets / (1.1 MB). Loaded Objects now: 3762.
Memory consumption went from 105.4 MB to 104.3 MB.
Total: 8.462300 ms (FindLiveObjects: 0.400900 ms CreateObjectMapping: 0.350800 ms MarkObjects: 6.458100 ms  DeleteObjects: 1.251600 ms)

Prepare: number of updated asset objects reloaded= 0
========================================================================
Received Prepare
Begin MonoManager ReloadAssembly
- Loaded All Assemblies, in  0.506 seconds
Refreshing native plugins compatible for Editor in 0.62 ms, found 3 plugins.
Native extension for WindowsStandalone target not found
Mono: successfully reloaded assembly
- Finished resetting the current domain, in  0.823 seconds
Domain Reload Profiling: 1331ms
	BeginReloadAssembly (168ms)
		ExecutionOrderSort (0ms)
		DisableScriptedObjects (4ms)
		BackupInstance (0ms)
		ReleaseScriptingObjects (0ms)
		CreateAndSetChildDomain (39ms)
	RebuildCommonClasses (40ms)
	RebuildNativeTypeToScriptingClass (12ms)
	initialDomainReloadingComplete (20ms)
	LoadAllAssembliesAndSetupDomain (267ms)
		LoadAssemblies (235ms)
		RebuildTransferFunctionScriptingTraits (0ms)
		AnalyzeDomain (125ms)
			TypeCache.Refresh (7ms)
				TypeCache.ScanAssembly (0ms)
			BuildScriptInfoCaches (110ms)
			ResolveRequiredComponents (5ms)
	FinalizeReload (824ms)
		ReleaseScriptCaches (0ms)
		RebuildScriptCaches (0ms)
		SetupLoadedEditorAssemblies (623ms)
			LogAssemblyErrors (0ms)
			InitializePlatformSupportModulesInManaged (3ms)
			SetLoadedEditorAssemblies (4ms)
			BeforeProcessingInitializeOnLoad (29ms)
			ProcessInitializeOnLoadAttributes (564ms)
			ProcessInitializeOnLoadMethodAttributes (22ms)
			AfterProcessingInitializeOnLoad (2ms)
			EditorAssembliesLoaded (0ms)
		ExecutionOrderSort2 (0ms)
		AwakeInstancesAfterBackupRestoration (13ms)
Refreshing native plugins compatible for Editor in 0.56 ms, found 3 plugins.
Preloading 0 native plugins for Editor in 0.00 ms.
Unloading 0 Unused Serialized files (Serialized files now loaded: 0)
Unloading 3152 unused Assets / (0.7 MB). Loaded Objects now: 3762.
Memory consumption went from 107.3 MB to 106.5 MB.
Total: 6.098000 ms (FindLiveObjects: 0.408800 ms CreateObjectMapping: 0.240600 ms MarkObjects: 4.475300 ms  DeleteObjects: 0.972400 ms)

Prepare: number of updated asset objects reloaded= 0
========================================================================
Received Import Request.
  Time since last request: 86.916751 seconds.
  path: Assets/Scripts/Prefabs/Sulfuric Acid 1.prefab
  artifactKey: Guid(6dd394a21f6f6f149b0faeab7f2fe587) Importer(815301076,1909f56bfc062723c751e8b465ee728b)
Start importing Assets/Scripts/Prefabs/Sulfuric Acid 1.prefab using Guid(6dd394a21f6f6f149b0faeab7f2fe587) Importer(815301076,1909f56bfc062723c751e8b465ee728b) (PreviewImporter) -> (artifact id: 'f069f72505abcfafe3d4e009589c060b') in 0.0861653 seconds
Number of updated asset objects reloaded before import = 0Number of asset objects unloaded after import = 9

========================================================================
Received Import Request.
  Time since last request: 8.934853 seconds.
  path: Assets/Asset/Lab Environtment/Prefabs/analytical_lab_instruments.prefab
  artifactKey: Guid(828ad3f10ce3c7444b8f53141cc495e6) Importer(815301076,1909f56bfc062723c751e8b465ee728b)
Start importing Assets/Asset/Lab Environtment/Prefabs/analytical_lab_instruments.prefab using Guid(828ad3f10ce3c7444b8f53141cc495e6) Importer(815301076,1909f56bfc062723c751e8b465ee728b) (PreviewImporter) -> (artifact id: 'e362efa4aabb58a92f9d4a75bcf68b1b') in 0.039462 seconds
Number of updated asset objects reloaded before import = 0Number of asset objects unloaded after import = 43

========================================================================
Received Import Request.
  Time since last request: 0.000017 seconds.
  path: Assets/Asset/Lab Environtment/Prefabs/Erlenmeyer_flask.prefab
  artifactKey: Guid(e833bb11c8758f44a98ec0e99fba76d9) Importer(815301076,1909f56bfc062723c751e8b465ee728b)
Start importing Assets/Asset/Lab Environtment/Prefabs/Erlenmeyer_flask.prefab using Guid(e833bb11c8758f44a98ec0e99fba76d9) Importer(815301076,1909f56bfc062723c751e8b465ee728b) (PreviewImporter) -> (artifact id: '0cd05837c49a68bf328c9ef074e94bfd') in 0.0153072 seconds
Number of updated asset objects reloaded before import = 0Number of asset objects unloaded after import = 11

========================================================================
Received Import Request.
  Time since last request: 0.000040 seconds.
  path: Assets/Asset/Lab Environtment/Models/Erlenmeyer_flask.fbx
  artifactKey: Guid(2d6b31bbb0cc4d74f9eb0dcbe73380be) Importer(815301076,1909f56bfc062723c751e8b465ee728b)
Start importing Assets/Asset/Lab Environtment/Models/Erlenmeyer_flask.fbx using Guid(2d6b31bbb0cc4d74f9eb0dcbe73380be) Importer(815301076,1909f56bfc062723c751e8b465ee728b) (PreviewImporter) -> (artifact id: '8fdb2a49d9294083e77a9c16c5308ff7') in 0.0338992 seconds
Number of updated asset objects reloaded before import = 0Number of asset objects unloaded after import = 10

========================================================================
Received Import Request.
  Time since last request: 0.000018 seconds.
  path: Assets/Asset/Lab Environtment/Models/glass.fbx
  artifactKey: Guid(64697bdc6c9d4c340b65bc835aa723a3) Importer(815301076,1909f56bfc062723c751e8b465ee728b)
Start importing Assets/Asset/Lab Environtment/Models/glass.fbx using Guid(64697bdc6c9d4c340b65bc835aa723a3) Importer(815301076,1909f56bfc062723c751e8b465ee728b) (PreviewImporter) -> (artifact id: 'd0133c3fa2633bb9423d54cd731dc41c') in 0.0564964 seconds
Number of updated asset objects reloaded before import = 0Number of asset objects unloaded after import = 9

========================================================================
Received Import Request.
  Time since last request: 0.000025 seconds.
  path: Assets/Asset/Lab Environtment/Prefabs/glass support.prefab
  artifactKey: Guid(f638304d9ae649a468fda10676275d5d) Importer(815301076,1909f56bfc062723c751e8b465ee728b)
Start importing Assets/Asset/Lab Environtment/Prefabs/glass support.prefab using Guid(f638304d9ae649a468fda10676275d5d) Importer(815301076,1909f56bfc062723c751e8b465ee728b) (PreviewImporter) -> (artifact id: '846631de71a8c9c8287382efe49fb5ac') in 0.0189866 seconds
Number of updated asset objects reloaded before import = 0Number of asset objects unloaded after import = 12

========================================================================
Received Import Request.
  Time since last request: 0.000031 seconds.
  path: Assets/Asset/Lab Environtment/Materials/Laboratory03_Floor_BaseMap.mat
  artifactKey: Guid(5071cc7251fe57a4fa8619c2a51c0273) Importer(815301076,1909f56bfc062723c751e8b465ee728b)
Start importing Assets/Asset/Lab Environtment/Materials/Laboratory03_Floor_BaseMap.mat using Guid(5071cc7251fe57a4fa8619c2a51c0273) Importer(815301076,1909f56bfc062723c751e8b465ee728b) (PreviewImporter) -> (artifact id: 'ca3a80deaf69ebcfad9ed5ddf0584169') in 0.0139688 seconds
Number of updated asset objects reloaded before import = 0Number of asset objects unloaded after import = 4

========================================================================
Received Import Request.
  Time since last request: 0.000016 seconds.
  path: Assets/Asset/Lab Environtment/Models/glass support.fbx
  artifactKey: Guid(981368d7116284b499cd25993804b250) Importer(815301076,1909f56bfc062723c751e8b465ee728b)
Start importing Assets/Asset/Lab Environtment/Models/glass support.fbx using Guid(981368d7116284b499cd25993804b250) Importer(815301076,1909f56bfc062723c751e8b465ee728b) (PreviewImporter) -> (artifact id: 'c366681bc69582132d56ec48dad8d232') in 0.0180328 seconds
Number of updated asset objects reloaded before import = 0Number of asset objects unloaded after import = 11

========================================================================
Received Import Request.
  Time since last request: 0.000017 seconds.
  path: Assets/Asset/Lab Environtment/Models/florence_flask.fbx
  artifactKey: Guid(fb0b01455e191c24b87848c181088517) Importer(815301076,1909f56bfc062723c751e8b465ee728b)
Start importing Assets/Asset/Lab Environtment/Models/florence_flask.fbx using Guid(fb0b01455e191c24b87848c181088517) Importer(815301076,1909f56bfc062723c751e8b465ee728b) (PreviewImporter) -> (artifact id: 'b5b5bc1449a5d0d55d6f9ff02d61d8d3') in 0.0217229 seconds
Number of updated asset objects reloaded before import = 0Number of asset objects unloaded after import = 10

========================================================================
Received Import Request.
  Time since last request: 0.000017 seconds.
  path: Assets/Asset/Lab Environtment/Materials/Laboratory03_Glass_BaseMap.mat
  artifactKey: Guid(62dad06c47d1d1a448901a67f077f0b6) Importer(815301076,1909f56bfc062723c751e8b465ee728b)
Start importing Assets/Asset/Lab Environtment/Materials/Laboratory03_Glass_BaseMap.mat using Guid(62dad06c47d1d1a448901a67f077f0b6) Importer(815301076,1909f56bfc062723c751e8b465ee728b) (PreviewImporter) -> (artifact id: 'dcde519fa11e0ebbf850ec7c3845595a') in 0.0145078 seconds
Number of updated asset objects reloaded before import = 0Number of asset objects unloaded after import = 3

========================================================================
Received Import Request.
  Time since last request: 0.000018 seconds.
  path: Assets/Asset/Lab Environtment/Prefabs/florence_flask.prefab
  artifactKey: Guid(5946c1452d879cf4bb19e57f7179e519) Importer(815301076,1909f56bfc062723c751e8b465ee728b)
Start importing Assets/Asset/Lab Environtment/Prefabs/florence_flask.prefab using Guid(5946c1452d879cf4bb19e57f7179e519) Importer(815301076,1909f56bfc062723c751e8b465ee728b) (PreviewImporter) -> (artifact id: '9fed442547b25bed1394d4b7e0fc70b1') in 0.0200031 seconds
Number of updated asset objects reloaded before import = 0Number of asset objects unloaded after import = 11

========================================================================
Received Import Request.
  Time since last request: 0.000016 seconds.
  path: Assets/Asset/Lab Environtment/Prefabs/florence_flask water.prefab
  artifactKey: Guid(b23404ba7c29bc249b69b2cc6f6d6b36) Importer(815301076,1909f56bfc062723c751e8b465ee728b)
Start importing Assets/Asset/Lab Environtment/Prefabs/florence_flask water.prefab using Guid(b23404ba7c29bc249b69b2cc6f6d6b36) Importer(815301076,1909f56bfc062723c751e8b465ee728b) (PreviewImporter) -> (artifact id: '5903043932a1a024702c3601fe9723ef') in 0.0156108 seconds
Number of updated asset objects reloaded before import = 0Number of asset objects unloaded after import = 7

========================================================================
Received Import Request.
  Time since last request: 0.000018 seconds.
  path: Assets/Asset/Lab Environtment/Models/forceps.fbx
  artifactKey: Guid(ffad09fc807174544874a365c124edc4) Importer(815301076,1909f56bfc062723c751e8b465ee728b)
Start importing Assets/Asset/Lab Environtment/Models/forceps.fbx using Guid(ffad09fc807174544874a365c124edc4) Importer(815301076,1909f56bfc062723c751e8b465ee728b) (PreviewImporter) -> (artifact id: '314c3e832a1a76086fb826df8a7bceee') in 0.0189571 seconds
Number of updated asset objects reloaded before import = 0Number of asset objects unloaded after import = 11

========================================================================
Received Import Request.
  Time since last request: 0.000017 seconds.
  path: Assets/Asset/Lab Environtment/Prefabs/Erlenmeyer_flask water.prefab
  artifactKey: Guid(f0aa1c925210d3e478b7bbdba5252af4) Importer(815301076,1909f56bfc062723c751e8b465ee728b)
Start importing Assets/Asset/Lab Environtment/Prefabs/Erlenmeyer_flask water.prefab using Guid(f0aa1c925210d3e478b7bbdba5252af4) Importer(815301076,1909f56bfc062723c751e8b465ee728b) (PreviewImporter) -> (artifact id: 'd4b46efc3dfd967e53706601258e9762') in 0.0120385 seconds
Number of updated asset objects reloaded before import = 0Number of asset objects unloaded after import = 8

========================================================================
Received Import Request.
  Time since last request: 0.000025 seconds.
  path: Assets/Asset/Lab Environtment/Models/glass_funnel.fbx
  artifactKey: Guid(98b82dfb9bbe8a04ca7f7f1980e08f8c) Importer(815301076,1909f56bfc062723c751e8b465ee728b)
Start importing Assets/Asset/Lab Environtment/Models/glass_funnel.fbx using Guid(98b82dfb9bbe8a04ca7f7f1980e08f8c) Importer(815301076,1909f56bfc062723c751e8b465ee728b) (PreviewImporter) -> (artifact id: '1b4d29a0f96d51718d4c02c829ae7923') in 0.0310349 seconds
Number of updated asset objects reloaded before import = 0Number of asset objects unloaded after import = 10

========================================================================
Received Import Request.
  Time since last request: 0.000017 seconds.
  path: Assets/Asset/Lab Environtment/Models/Glass_medical_dropper.fbx
  artifactKey: Guid(962eb04bf1b1e724dbb40dbd73d26af1) Importer(815301076,1909f56bfc062723c751e8b465ee728b)
Start importing Assets/Asset/Lab Environtment/Models/Glass_medical_dropper.fbx using Guid(962eb04bf1b1e724dbb40dbd73d26af1) Importer(815301076,1909f56bfc062723c751e8b465ee728b) (PreviewImporter) -> (artifact id: 'f58402e0b28a71ef4b64ef42bd6d4606') in 0.0214284 seconds
Number of updated asset objects reloaded before import = 0Number of asset objects unloaded after import = 14

========================================================================
Received Import Request.
  Time since last request: 0.000015 seconds.
  path: Assets/Asset/Lab Environtment/Prefabs/glass_frame.prefab
  artifactKey: Guid(aab47d642ec9fd94ab69459ad6deedb1) Importer(815301076,1909f56bfc062723c751e8b465ee728b)
Start importing Assets/Asset/Lab Environtment/Prefabs/glass_frame.prefab using Guid(aab47d642ec9fd94ab69459ad6deedb1) Importer(815301076,1909f56bfc062723c751e8b465ee728b) (PreviewImporter) -> (artifact id: '57a2fd85d117a558ac0f81a6b4e17dfb') in 0.0141734 seconds
Number of updated asset objects reloaded before import = 0Number of asset objects unloaded after import = 12

========================================================================
Received Import Request.
  Time since last request: 0.000025 seconds.
  path: Assets/Asset/Lab Environtment/Textures/Laboratory03_Glass_Normal.png
  artifactKey: Guid(0b4c21b51ec008c4cac83097237bfd2d) Importer(815301076,1909f56bfc062723c751e8b465ee728b)
Start importing Assets/Asset/Lab Environtment/Textures/Laboratory03_Glass_Normal.png using Guid(0b4c21b51ec008c4cac83097237bfd2d) Importer(815301076,1909f56bfc062723c751e8b465ee728b) (PreviewImporter) -> (artifact id: 'b4a24702922e750302d6a080c68c3c3a') in 0.0241409 seconds
Number of updated asset objects reloaded before import = 0Number of asset objects unloaded after import = 2

========================================================================
Received Import Request.
  Time since last request: 0.000023 seconds.
  path: Assets/Asset/Lab Environtment/Textures/Laboratory03_Glass_MaskMap.png
  artifactKey: Guid(4910635f1d92ff64c80f39ba8fa48f34) Importer(815301076,1909f56bfc062723c751e8b465ee728b)
Start importing Assets/Asset/Lab Environtment/Textures/Laboratory03_Glass_MaskMap.png using Guid(4910635f1d92ff64c80f39ba8fa48f34) Importer(815301076,1909f56bfc062723c751e8b465ee728b) (PreviewImporter) -> (artifact id: 'c988ef20465e3b296cb0d6ac06f27ab4') in 0.0136219 seconds
Number of updated asset objects reloaded before import = 0Number of asset objects unloaded after import = 2

========================================================================
Received Import Request.
  Time since last request: 0.000027 seconds.
  path: Assets/Asset/Lab Environtment/Textures/Laboratory03_Floor_MaskMap.png
  artifactKey: Guid(6932af5907d8e8341ac1b1eeae8b9736) Importer(815301076,1909f56bfc062723c751e8b465ee728b)
Start importing Assets/Asset/Lab Environtment/Textures/Laboratory03_Floor_MaskMap.png using Guid(6932af5907d8e8341ac1b1eeae8b9736) Importer(815301076,1909f56bfc062723c751e8b465ee728b) (PreviewImporter) -> (artifact id: 'a0aa9e48e1870ff228b9038a9a288ed6') in 0.0101352 seconds
Number of updated asset objects reloaded before import = 0Number of asset objects unloaded after import = 2

========================================================================
Received Import Request.
  Time since last request: 0.000068 seconds.
  path: Assets/Asset/Lab Environtment/Models/lab glass.fbx
  artifactKey: Guid(449aaef256bf48b4481513c653f7e708) Importer(815301076,1909f56bfc062723c751e8b465ee728b)
Start importing Assets/Asset/Lab Environtment/Models/lab glass.fbx using Guid(449aaef256bf48b4481513c653f7e708) Importer(815301076,1909f56bfc062723c751e8b465ee728b) (PreviewImporter) -> (artifact id: '60c838cfcc02e9b8576cdadd5f6851b8') in 0.0167148 seconds
Number of updated asset objects reloaded before import = 0Number of asset objects unloaded after import = 10

========================================================================
Received Import Request.
  Time since last request: 0.000016 seconds.
  path: Assets/Asset/Lab Environtment/Prefabs/forceps.prefab
  artifactKey: Guid(9a14f10813bd2394a9b94cf38409043f) Importer(815301076,1909f56bfc062723c751e8b465ee728b)
Start importing Assets/Asset/Lab Environtment/Prefabs/forceps.prefab using Guid(9a14f10813bd2394a9b94cf38409043f) Importer(815301076,1909f56bfc062723c751e8b465ee728b) (PreviewImporter) -> (artifact id: 'a08c436d64769d50f3e6d9e73e4180fe') in 0.0218096 seconds
Number of updated asset objects reloaded before import = 0Number of asset objects unloaded after import = 12

========================================================================
Received Import Request.
  Time since last request: 0.000017 seconds.
  path: Assets/Asset/Lab Environtment/Models/Glass_Lab_test_tube.fbx
  artifactKey: Guid(e4e11ea820df4144a80c5d1d3d605107) Importer(815301076,1909f56bfc062723c751e8b465ee728b)
Start importing Assets/Asset/Lab Environtment/Models/Glass_Lab_test_tube.fbx using Guid(e4e11ea820df4144a80c5d1d3d605107) Importer(815301076,1909f56bfc062723c751e8b465ee728b) (PreviewImporter) -> (artifact id: '0feef6c1233c3c91c4e8f2b5421e9c4a') in 0.0170045 seconds
Number of updated asset objects reloaded before import = 0Number of asset objects unloaded after import = 10

========================================================================
Received Import Request.
  Time since last request: 0.000015 seconds.
  path: Assets/Asset/Lab Environtment/Prefabs/glass.prefab
  artifactKey: Guid(0464c51f3e579bd4ca5150116cebfe97) Importer(815301076,1909f56bfc062723c751e8b465ee728b)
Start importing Assets/Asset/Lab Environtment/Prefabs/glass.prefab using Guid(0464c51f3e579bd4ca5150116cebfe97) Importer(815301076,1909f56bfc062723c751e8b465ee728b) (PreviewImporter) -> (artifact id: '7ca28f9f4e0cbac75e894097d92c2428') in 0.0137672 seconds
Number of updated asset objects reloaded before import = 0Number of asset objects unloaded after import = 15

========================================================================
Received Import Request.
  Time since last request: 0.000021 seconds.
  path: Assets/Asset/Lab Environtment/Prefabs/glass_funnel.prefab
  artifactKey: Guid(fafcb18b3640bbc4a9d8f89ffd6f3b21) Importer(815301076,1909f56bfc062723c751e8b465ee728b)
Start importing Assets/Asset/Lab Environtment/Prefabs/glass_funnel.prefab using Guid(fafcb18b3640bbc4a9d8f89ffd6f3b21) Importer(815301076,1909f56bfc062723c751e8b465ee728b) (PreviewImporter) -> (artifact id: '539cb80ef91dbf5c1ab75b0875446551') in 0.0149106 seconds
Number of updated asset objects reloaded before import = 0Number of asset objects unloaded after import = 11

========================================================================
Received Import Request.
  Time since last request: 0.000019 seconds.
  path: Assets/Asset/Lab Environtment/Models/glass_frame.fbx
  artifactKey: Guid(ab7854530851feb48985ee4033c7b550) Importer(815301076,1909f56bfc062723c751e8b465ee728b)
Start importing Assets/Asset/Lab Environtment/Models/glass_frame.fbx using Guid(ab7854530851feb48985ee4033c7b550) Importer(815301076,1909f56bfc062723c751e8b465ee728b) (PreviewImporter) -> (artifact id: '6588189c32b1f383e5e059870282d94f') in 0.0220542 seconds
Number of updated asset objects reloaded before import = 0Number of asset objects unloaded after import = 11

========================================================================
Received Prepare
Begin MonoManager ReloadAssembly
- Loaded All Assemblies, in  0.555 seconds
Refreshing native plugins compatible for Editor in 0.56 ms, found 3 plugins.
Native extension for WindowsStandalone target not found
Mono: successfully reloaded assembly
- Finished resetting the current domain, in  0.929 seconds
Domain Reload Profiling: 1487ms
	BeginReloadAssembly (183ms)
		ExecutionOrderSort (0ms)
		DisableScriptedObjects (5ms)
		BackupInstance (0ms)
		ReleaseScriptingObjects (0ms)
		CreateAndSetChildDomain (48ms)
	RebuildCommonClasses (47ms)
	RebuildNativeTypeToScriptingClass (13ms)
	initialDomainReloadingComplete (21ms)
	LoadAllAssembliesAndSetupDomain (294ms)
		LoadAssemblies (247ms)
		RebuildTransferFunctionScriptingTraits (0ms)
		AnalyzeDomain (143ms)
			TypeCache.Refresh (7ms)
				TypeCache.ScanAssembly (0ms)
			BuildScriptInfoCaches (125ms)
			ResolveRequiredComponents (7ms)
	FinalizeReload (930ms)
		ReleaseScriptCaches (0ms)
		RebuildScriptCaches (0ms)
		SetupLoadedEditorAssemblies (695ms)
			LogAssemblyErrors (0ms)
			InitializePlatformSupportModulesInManaged (3ms)
			SetLoadedEditorAssemblies (6ms)
			BeforeProcessingInitializeOnLoad (33ms)
			ProcessInitializeOnLoadAttributes (619ms)
			ProcessInitializeOnLoadMethodAttributes (31ms)
			AfterProcessingInitializeOnLoad (2ms)
			EditorAssembliesLoaded (0ms)
		ExecutionOrderSort2 (0ms)
		AwakeInstancesAfterBackupRestoration (12ms)
Refreshing native plugins compatible for Editor in 0.64 ms, found 3 plugins.
Preloading 0 native plugins for Editor in 0.00 ms.
Unloading 0 Unused Serialized files (Serialized files now loaded: 0)
Unloading 3152 unused Assets / (0.9 MB). Loaded Objects now: 3802.
Memory consumption went from 109.6 MB to 108.7 MB.
Total: 7.542900 ms (FindLiveObjects: 0.360400 ms CreateObjectMapping: 0.244400 ms MarkObjects: 5.565800 ms  DeleteObjects: 1.371100 ms)

Prepare: number of updated asset objects reloaded= 0
Editor requested this worker to shutdown with reason: Scaling down because of idle timeout
AssetImportWorker is now disconnected from the server
Process exiting
Exiting without the bug reporter. Application will terminate with return code 0